<?xml version="1.0" encoding="UTF-8"?>
<!-- Generated by org.testng.reporters.JUnitXMLReporter -->
<testsuite ignored="6" hostname="Admin-PC" failures="1" tests="4" name="QA" time="288.776" errors="0" timestamp="2022-08-16T20:12:05 IST">
  <testcase classname="script.TestClass1" name="testA" time="0.019"/>
  <testcase classname="script.TestClass2" name="testLogin" time="0.025">
    <failure type="java.lang.AssertionError" message="null">
      <![CDATA[java.lang.AssertionError: null
at script.TestClass2.testLogin(TestClass2.java:19)
at java.base/java.util.ArrayList.forEach(ArrayList.java:1511)
at java.base/java.util.concurrent.FutureTask.run(FutureTask.java:264)
at java.base/java.util.concurrent.ThreadPoolExecutor.runWorker(ThreadPoolExecutor.java:1136)
at java.base/java.util.concurrent.ThreadPoolExecutor$Worker.run(ThreadPoolExecutor.java:635)
at java.base/java.lang.Thread.run(Thread.java:833)
... Removed 19 stack frames]]>
    </failure>
  </testcase> <!-- testLogin -->
  <testcase classname="script.ValidLogin" name="testValidLogin" time="21.04"/>
  <testcase classname="script.InvalidLogin" name="testInvalidLogin" time="4.465"/>
  <testcase classname="generic.BaseTest" name="@BeforeSuite createReport" time="0.0">
    <ignored/>
  </testcase> <!-- @BeforeSuite createReport -->
  <testcase classname="generic.BaseTest" name="@AfterSuite publishReport" time="0.0">
    <ignored/>
  </testcase> <!-- @AfterSuite publishReport -->
  <testcase classname="generic.BaseTest" name="@AfterSuite publishReport" time="0.0">
    <ignored/>
  </testcase> <!-- @AfterSuite publishReport -->
  <testcase classname="generic.BaseTest" name="@AfterSuite publishReport" time="0.0">
    <ignored/>
  </testcase> <!-- @AfterSuite publishReport -->
  <testcase classname="generic.BaseTest" name="@BeforeSuite createReport" time="0.0">
    <ignored/>
  </testcase> <!-- @BeforeSuite createReport -->
  <testcase classname="generic.BaseTest" name="@BeforeSuite createReport" time="0.0">
    <ignored/>
  </testcase> <!-- @BeforeSuite createReport -->
</testsuite> <!-- QA -->
