<?xml version="1.0" encoding="UTF-8"?>
<!-- Generated by org.testng.reporters.JUnitXMLReporter -->
<testsuite ignored="2" hostname="Admin-PC" failures="0" tests="2" name="Stage1" time="136.806" errors="0" timestamp="2022-07-22T08:48:57 IST">
  <testcase classname="script.TestClass1" name="testA" time="0.036"/>
  <testcase classname="script.TestClass2" name="testLogin" time="0.009"/>
  <testcase classname="generic.BaseTest" name="@BeforeSuite createReport" time="0.0">
    <ignored/>
  </testcase> <!-- @BeforeSuite createReport -->
  <testcase classname="generic.BaseTest" name="@AfterSuite publishReport" time="0.0">
    <ignored/>
  </testcase> <!-- @AfterSuite publishReport -->
</testsuite> <!-- Stage1 -->
